mode: atomic
github.com/omargallob/mono-repo-release/cmd/app/main.go:10.13,13.2 2 0
github.com/omargallob/mono-repo-release/pkg/lib1/lib1.go:3.21,5.2 1 1
github.com/omargallob/mono-repo-release/pkg/lib2/lib2.go:3.24,5.2 1 1
github.com/omargallob/mono-repo-release/cmd/app/main.go:10.13,13.2 2 0
github.com/omargallob/mono-repo-release/pkg/lib1/lib1.go:3.21,5.2 1 1
github.com/omargallob/mono-repo-release/pkg/lib2/lib2.go:3.24,5.2 1 0
github.com/omargallob/mono-repo-release/cmd/app/main.go:10.13,13.2 2 0
github.com/omargallob/mono-repo-release/pkg/lib1/lib1.go:3.21,5.2 1 0
github.com/omargallob/mono-repo-release/pkg/lib2/lib2.go:3.24,5.2 1 1
